This is pdfTeX, Version 3.1415926-2.4-1.40.13 (TeX Live 2012/Debian) (format=pdflatex 2014.5.11)  2 JUN 2014 02:34
entering extended mode
 restricted \write18 enabled.
 %&-line parsing enabled.
**RapportDeProjetStatLearning.tex
(./RapportDeProjetStatLearning.tex
LaTeX2e <2011/06/27>
Babel <v3.8m> and hyphenation patterns for english, dumylang, nohyphenation, lo
aded.
(/usr/share/texlive/texmf-dist/tex/latex/base/report.cls
Document Class: report 2007/10/19 v1.4h Standard LaTeX document class
(/usr/share/texlive/texmf-dist/tex/latex/base/size10.clo
File: size10.clo 2007/10/19 v1.4h Standard LaTeX file (size option)
)
\c@part=\count79
\c@chapter=\count80
\c@section=\count81
\c@subsection=\count82
\c@subsubsection=\count83
\c@paragraph=\count84
\c@subparagraph=\count85
\c@figure=\count86
\c@table=\count87
\abovecaptionskip=\skip41
\belowcaptionskip=\skip42
\bibindent=\dimen102
)
(/usr/share/texlive/texmf-dist/tex/latex/base/inputenc.sty
Package: inputenc 2008/03/30 v1.1d Input encoding file
\inpenc@prehook=\toks14
\inpenc@posthook=\toks15

(/usr/share/texlive/texmf-dist/tex/latex/base/latin1.def
File: latin1.def 2008/03/30 v1.1d Input encoding file
))
(/usr/share/texlive/texmf-dist/tex/latex/base/fontenc.sty
Package: fontenc 2005/09/27 v1.99g Standard LaTeX package

(/usr/share/texlive/texmf-dist/tex/latex/base/t1enc.def
File: t1enc.def 2005/09/27 v1.99g Standard LaTeX file
LaTeX Font Info:    Redeclaring font encoding T1 on input line 43.
))
(/usr/share/texlive/texmf-dist/tex/generic/babel/babel.sty
Package: babel 2008/07/08 v3.8m The Babel package

(/usr/share/texlive/texmf-dist/tex/generic/babel/frenchb.ldf
Language: frenchb 2010/08/21 v2.5a French support from the babel system

(/usr/share/texlive/texmf-dist/tex/generic/babel/babel.def
File: babel.def 2008/07/08 v3.8m Babel common definitions
\babel@savecnt=\count88
\U@D=\dimen103
)

Package babel Warning: No hyphenation patterns were loaded for
(babel)                the language `French'
(babel)                I will use the patterns loaded for \language=0 instead.

\l@french = a dialect from \language0
Package babel Info: Making : an active character on input line 234.
Package babel Info: Making ; an active character on input line 235.
Package babel Info: Making ! an active character on input line 236.
Package babel Info: Making ? an active character on input line 237.
\FB@Mht=\dimen104
\std@mcc=\count89
\dec@mcc=\count90
\parindentFFN=\dimen105
*************************************
* Local config file frenchb.cfg used
*
(/usr/share/texlive/texmf-dist/tex/generic/babel/frenchb.cfg)))
(/usr/share/texlive/texmf-dist/tex/latex/carlisle/scalefnt.sty)
(/usr/share/texlive/texmf-dist/tex/latex/graphics/keyval.sty
Package: keyval 1999/03/16 v1.13 key=value parser (DPC)
\KV@toks@=\toks16
)
(/usr/share/texlive/texmf-dist/tex/latex/url/url.sty
\Urlmuskip=\muskip10
Package: url 2006/04/12  ver 3.3  Verb mode for urls, etc.
)
(/usr/share/texmf/tex/latex/lm/lmodern.sty
Package: lmodern 2009/10/30 v1.6 Latin Modern Fonts
LaTeX Font Info:    Overwriting symbol font `operators' in version `normal'
(Font)                  OT1/cmr/m/n --> OT1/lmr/m/n on input line 22.
LaTeX Font Info:    Overwriting symbol font `letters' in version `normal'
(Font)                  OML/cmm/m/it --> OML/lmm/m/it on input line 23.
LaTeX Font Info:    Overwriting symbol font `symbols' in version `normal'
(Font)                  OMS/cmsy/m/n --> OMS/lmsy/m/n on input line 24.
LaTeX Font Info:    Overwriting symbol font `largesymbols' in version `normal'
(Font)                  OMX/cmex/m/n --> OMX/lmex/m/n on input line 25.
LaTeX Font Info:    Overwriting symbol font `operators' in version `bold'
(Font)                  OT1/cmr/bx/n --> OT1/lmr/bx/n on input line 26.
LaTeX Font Info:    Overwriting symbol font `letters' in version `bold'
(Font)                  OML/cmm/b/it --> OML/lmm/b/it on input line 27.
LaTeX Font Info:    Overwriting symbol font `symbols' in version `bold'
(Font)                  OMS/cmsy/b/n --> OMS/lmsy/b/n on input line 28.
LaTeX Font Info:    Overwriting symbol font `largesymbols' in version `bold'
(Font)                  OMX/cmex/m/n --> OMX/lmex/m/n on input line 29.
LaTeX Font Info:    Overwriting math alphabet `\mathbf' in version `normal'
(Font)                  OT1/cmr/bx/n --> OT1/lmr/bx/n on input line 31.
LaTeX Font Info:    Overwriting math alphabet `\mathsf' in version `normal'
(Font)                  OT1/cmss/m/n --> OT1/lmss/m/n on input line 32.
LaTeX Font Info:    Overwriting math alphabet `\mathit' in version `normal'
(Font)                  OT1/cmr/m/it --> OT1/lmr/m/it on input line 33.
LaTeX Font Info:    Overwriting math alphabet `\mathtt' in version `normal'
(Font)                  OT1/cmtt/m/n --> OT1/lmtt/m/n on input line 34.
LaTeX Font Info:    Overwriting math alphabet `\mathbf' in version `bold'
(Font)                  OT1/cmr/bx/n --> OT1/lmr/bx/n on input line 35.
LaTeX Font Info:    Overwriting math alphabet `\mathsf' in version `bold'
(Font)                  OT1/cmss/bx/n --> OT1/lmss/bx/n on input line 36.
LaTeX Font Info:    Overwriting math alphabet `\mathit' in version `bold'
(Font)                  OT1/cmr/bx/it --> OT1/lmr/bx/it on input line 37.
LaTeX Font Info:    Overwriting math alphabet `\mathtt' in version `bold'
(Font)                  OT1/cmtt/m/n --> OT1/lmtt/m/n on input line 38.
)
(/usr/share/texlive/texmf-dist/tex/latex/geometry/geometry.sty
Package: geometry 2010/09/12 v5.6 Page Geometry

(/usr/share/texlive/texmf-dist/tex/generic/oberdiek/ifpdf.sty
Package: ifpdf 2011/01/30 v2.3 Provides the ifpdf switch (HO)
Package ifpdf Info: pdfTeX in PDF mode is detected.
)
(/usr/share/texlive/texmf-dist/tex/generic/oberdiek/ifvtex.sty
Package: ifvtex 2010/03/01 v1.5 Detect VTeX and its facilities (HO)
Package ifvtex Info: VTeX not detected.
)
(/usr/share/texlive/texmf-dist/tex/generic/ifxetex/ifxetex.sty
Package: ifxetex 2010/09/12 v0.6 Provides ifxetex conditional
)
\Gm@cnth=\count91
\Gm@cntv=\count92
\c@Gm@tempcnt=\count93
\Gm@bindingoffset=\dimen106
\Gm@wd@mp=\dimen107
\Gm@odd@mp=\dimen108
\Gm@even@mp=\dimen109
\Gm@layoutwidth=\dimen110
\Gm@layoutheight=\dimen111
\Gm@layouthoffset=\dimen112
\Gm@layoutvoffset=\dimen113
\Gm@dimlist=\toks17
)
(/usr/share/texlive/texmf-dist/tex/latex/graphics/graphicx.sty
Package: graphicx 1999/02/16 v1.0f Enhanced LaTeX Graphics (DPC,SPQR)

(/usr/share/texlive/texmf-dist/tex/latex/graphics/graphics.sty
Package: graphics 2009/02/05 v1.0o Standard LaTeX Graphics (DPC,SPQR)

(/usr/share/texlive/texmf-dist/tex/latex/graphics/trig.sty
Package: trig 1999/03/16 v1.09 sin cos tan (DPC)
)
(/usr/share/texlive/texmf-dist/tex/latex/latexconfig/graphics.cfg
File: graphics.cfg 2010/04/23 v1.9 graphics configuration of TeX Live
)
Package graphics Info: Driver file: pdftex.def on input line 91.

(/usr/share/texlive/texmf-dist/tex/latex/pdftex-def/pdftex.def
File: pdftex.def 2011/05/27 v0.06d Graphics/color for pdfTeX

(/usr/share/texlive/texmf-dist/tex/generic/oberdiek/infwarerr.sty
Package: infwarerr 2010/04/08 v1.3 Providing info/warning/error messages (HO)
)
(/usr/share/texlive/texmf-dist/tex/generic/oberdiek/ltxcmds.sty
Package: ltxcmds 2011/11/09 v1.22 LaTeX kernel commands for general use (HO)
)
\Gread@gobject=\count94
))
\Gin@req@height=\dimen114
\Gin@req@width=\dimen115
)
(./RapportDeProjetStatLearning.aux

LaTeX Warning: Label `fig:nuagePTS' multiply defined.


LaTeX Warning: Label `fig:camem' multiply defined.

)
\openout1 = `RapportDeProjetStatLearning.aux'.

LaTeX Font Info:    Checking defaults for OML/cmm/m/it on input line 15.
LaTeX Font Info:    ... okay on input line 15.
LaTeX Font Info:    Checking defaults for T1/cmr/m/n on input line 15.
LaTeX Font Info:    ... okay on input line 15.
LaTeX Font Info:    Checking defaults for OT1/cmr/m/n on input line 15.
LaTeX Font Info:    ... okay on input line 15.
LaTeX Font Info:    Checking defaults for OMS/cmsy/m/n on input line 15.
LaTeX Font Info:    ... okay on input line 15.
LaTeX Font Info:    Checking defaults for OMX/cmex/m/n on input line 15.
LaTeX Font Info:    ... okay on input line 15.
LaTeX Font Info:    Checking defaults for U/cmr/m/n on input line 15.
LaTeX Font Info:    ... okay on input line 15.
LaTeX Font Info:    Try loading font information for T1+lmr on input line 15.
 (/usr/share/texmf/tex/latex/lm/t1lmr.fd
File: t1lmr.fd 2009/10/30 v1.6 Font defs for Latin Modern
)
LaTeX Info: Redefining \degres on input line 15.
LaTeX Info: Redefining \dots on input line 15.
LaTeX Info: Redefining \up on input line 15.

*geometry* driver: auto-detecting
*geometry* detected driver: pdftex
*geometry* verbose mode - [ preamble ] result:
* driver: pdftex
* paper: <default>
* layout: <same size as paper>
* layoutoffset:(h,v)=(0.0pt,0.0pt)
* modes: 
* h-part:(L,W,R)=(170.71652pt, 358.22021pt, 85.35826pt)
* v-part:(T,H,B)=(142.26378pt, 510.44243pt, 142.26378pt)
* \paperwidth=614.295pt
* \paperheight=794.96999pt
* \textwidth=358.22021pt
* \textheight=510.44243pt
* \oddsidemargin=98.44653pt
* \evensidemargin=98.44653pt
* \topmargin=32.99379pt
* \headheight=12.0pt
* \headsep=25.0pt
* \topskip=10.0pt
* \footskip=30.0pt
* \marginparwidth=65.0pt
* \marginparsep=11.0pt
* \columnsep=10.0pt
* \skip\footins=9.0pt plus 4.0pt minus 2.0pt
* \hoffset=0.0pt
* \voffset=0.0pt
* \mag=1000
* \@twocolumnfalse
* \@twosidefalse
* \@mparswitchfalse
* \@reversemarginfalse
* (1in=72.27pt=25.4mm, 1cm=28.453pt)

(/usr/share/texlive/texmf-dist/tex/context/base/supp-pdf.mkii
[Loading MPS to PDF converter (version 2006.09.02).]
\scratchcounter=\count95
\scratchdimen=\dimen116
\scratchbox=\box26
\nofMPsegments=\count96
\nofMParguments=\count97
\everyMPshowfont=\toks18
\MPscratchCnt=\count98
\MPscratchDim=\dimen117
\MPnumerator=\count99
\makeMPintoPDFobject=\count100
\everyMPtoPDFconversion=\toks19
) (/usr/share/texlive/texmf-dist/tex/generic/oberdiek/pdftexcmds.sty
Package: pdftexcmds 2011/11/29 v0.20 Utility functions of pdfTeX for LuaTeX (HO
)

(/usr/share/texlive/texmf-dist/tex/generic/oberdiek/ifluatex.sty
Package: ifluatex 2010/03/01 v1.3 Provides the ifluatex switch (HO)
Package ifluatex Info: LuaTeX not detected.
)
Package pdftexcmds Info: LuaTeX not detected.
Package pdftexcmds Info: \pdf@primitive is available.
Package pdftexcmds Info: \pdf@ifprimitive is available.
Package pdftexcmds Info: \pdfdraftmode found.
)
(/usr/share/texlive/texmf-dist/tex/latex/oberdiek/epstopdf-base.sty
Package: epstopdf-base 2010/02/09 v2.5 Base part for package epstopdf

(/usr/share/texlive/texmf-dist/tex/latex/oberdiek/grfext.sty
Package: grfext 2010/08/19 v1.1 Manage graphics extensions (HO)

(/usr/share/texlive/texmf-dist/tex/generic/oberdiek/kvdefinekeys.sty
Package: kvdefinekeys 2011/04/07 v1.3 Define keys (HO)
))
(/usr/share/texlive/texmf-dist/tex/latex/oberdiek/kvoptions.sty
Package: kvoptions 2011/06/30 v3.11 Key value format for package options (HO)

(/usr/share/texlive/texmf-dist/tex/generic/oberdiek/kvsetkeys.sty
Package: kvsetkeys 2012/04/25 v1.16 Key value parser (HO)

(/usr/share/texlive/texmf-dist/tex/generic/oberdiek/etexcmds.sty
Package: etexcmds 2011/02/16 v1.5 Avoid name clashes with e-TeX commands (HO)
Package etexcmds Info: Could not find \expanded.
(etexcmds)             That can mean that you are not using pdfTeX 1.50 or
(etexcmds)             that some package has redefined \expanded.
(etexcmds)             In the latter case, load this package earlier.
)))
Package grfext Info: Graphics extension search list:
(grfext)             [.png,.pdf,.jpg,.mps,.jpeg,.jbig2,.jb2,.PNG,.PDF,.JPG,.JPE
G,.JBIG2,.JB2,.eps]
(grfext)             \AppendGraphicsExtensions on input line 452.

(/usr/share/texlive/texmf-dist/tex/latex/latexconfig/epstopdf-sys.cfg
File: epstopdf-sys.cfg 2010/07/13 v1.3 Configuration of (r)epstopdf for TeX Liv
e
))
LaTeX Font Info:    Try loading font information for OT1+lmr on input line 16.

(/usr/share/texmf/tex/latex/lm/ot1lmr.fd
File: ot1lmr.fd 2009/10/30 v1.6 Font defs for Latin Modern
)
LaTeX Font Info:    Try loading font information for OML+lmm on input line 16.

(/usr/share/texmf/tex/latex/lm/omllmm.fd
File: omllmm.fd 2009/10/30 v1.6 Font defs for Latin Modern
)
LaTeX Font Info:    Try loading font information for OMS+lmsy on input line 16.


(/usr/share/texmf/tex/latex/lm/omslmsy.fd
File: omslmsy.fd 2009/10/30 v1.6 Font defs for Latin Modern
)
LaTeX Font Info:    Try loading font information for OMX+lmex on input line 16.


(/usr/share/texmf/tex/latex/lm/omxlmex.fd
File: omxlmex.fd 2009/10/30 v1.6 Font defs for Latin Modern
)
LaTeX Font Info:    External font `lmex10' loaded for size
(Font)              <12> on input line 16.
LaTeX Font Info:    External font `lmex10' loaded for size
(Font)              <8> on input line 16.
LaTeX Font Info:    External font `lmex10' loaded for size
(Font)              <6> on input line 16.
 [1

{/var/lib/texmf/fonts/map/pdftex/updmap/pdftex.map}]
Chapitre 1.
[1

] [2]
Chapitre 2.
Package epstopdf Info: Source file: <10cours.eps>
(epstopdf)                    date: 2014-06-01 15:54:04
(epstopdf)                    size: 157008 bytes
(epstopdf)             Output file: <10cours-eps-converted-to.pdf>
(epstopdf)                    date: 2014-06-01 23:48:46
(epstopdf)                    size: 62189 bytes
(epstopdf)             Command: <repstopdf --outfile=10cours-eps-converted-to.p
df 10cours.eps>
(epstopdf)             \includegraphics on input line 46.
Package epstopdf Info: Output file is already uptodate.
<10cours-eps-converted-to.pdf, id=16, 457.71pt x 246.9225pt>
File: 10cours-eps-converted-to.pdf Graphic file (type pdf)

<use 10cours-eps-converted-to.pdf>
Package pdftex.def Info: 10cours-eps-converted-to.pdf used on input line 46.
(pdftex.def)             Requested size: 214.93431pt x 115.95184pt.
Package epstopdf Info: Source file: <10rendement.eps>
(epstopdf)                    date: 2014-06-01 15:56:20
(epstopdf)                    size: 157493 bytes
(epstopdf)             Output file: <10rendement-eps-converted-to.pdf>
(epstopdf)                    date: 2014-06-01 23:52:04
(epstopdf)                    size: 59808 bytes
(epstopdf)             Command: <repstopdf --outfile=10rendement-eps-converted-
to.pdf 10rendement.eps>
(epstopdf)             \includegraphics on input line 55.
Package epstopdf Info: Output file is already uptodate.

<10rendement-eps-converted-to.pdf, id=17, 457.71pt x 246.9225pt>
File: 10rendement-eps-converted-to.pdf Graphic file (type pdf)

<use 10rendement-eps-converted-to.pdf>
Package pdftex.def Info: 10rendement-eps-converted-to.pdf used on input line 55
.
(pdftex.def)             Requested size: 179.1101pt x 96.6234pt.
 [3

 <./10cours-eps-converted-to.pdf>]
Package epstopdf Info: Source file: <camem.eps>
(epstopdf)                    date: 2014-06-01 16:11:48
(epstopdf)                    size: 13738 bytes
(epstopdf)             Output file: <camem-eps-converted-to.pdf>
(epstopdf)                    date: 2014-06-02 00:13:16
(epstopdf)                    size: 11525 bytes
(epstopdf)             Command: <repstopdf --outfile=camem-eps-converted-to.pdf
 camem.eps>
(epstopdf)             \includegraphics on input line 67.
Package epstopdf Info: Output file is already uptodate.

<camem-eps-converted-to.pdf, id=33, 416.55624pt x 415.5525pt>
File: camem-eps-converted-to.pdf Graphic file (type pdf)

<use camem-eps-converted-to.pdf>
Package pdftex.def Info: camem-eps-converted-to.pdf used on input line 67.
(pdftex.def)             Requested size: 179.1101pt x 178.67775pt.
Package epstopdf Info: Source file: <nuagePTS.eps>
(epstopdf)                    date: 2014-06-01 16:10:22
(epstopdf)                    size: 58968 bytes
(epstopdf)             Output file: <nuagePTS-eps-converted-to.pdf>
(epstopdf)                    date: 2014-06-02 00:13:17
(epstopdf)                    size: 83113 bytes
(epstopdf)             Command: <repstopdf --outfile=nuagePTS-eps-converted-to.
pdf nuagePTS.eps>
(epstopdf)             \includegraphics on input line 76.
Package epstopdf Info: Output file is already uptodate.

<nuagePTS-eps-converted-to.pdf, id=34, 561.09625pt x 415.5525pt>
File: nuagePTS-eps-converted-to.pdf Graphic file (type pdf)

<use nuagePTS-eps-converted-to.pdf>
Package pdftex.def Info: nuagePTS-eps-converted-to.pdf used on input line 76.
(pdftex.def)             Requested size: 286.57726pt x 212.23967pt.


LaTeX Warning: `h' float specifier changed to `ht'.

[4 <./10rendement-eps-converted-to.pdf> <./camem-eps-converted-to.pdf>]
Package epstopdf Info: Source file: <coursRdtRecon.eps>
(epstopdf)                    date: 2014-06-01 15:57:18
(epstopdf)                    size: 36005 bytes
(epstopdf)             Output file: <coursRdtRecon-eps-converted-to.pdf>
(epstopdf)                    date: 2014-06-02 00:34:18
(epstopdf)                    size: 20824 bytes
(epstopdf)             Command: <repstopdf --outfile=coursRdtRecon-eps-converte
d-to.pdf coursRdtRecon.eps>
(epstopdf)             \includegraphics on input line 94.
Package epstopdf Info: Output file is already uptodate.

<coursRdtRecon-eps-converted-to.pdf, id=58, 457.71pt x 246.9225pt>
File: coursRdtRecon-eps-converted-to.pdf Graphic file (type pdf)

<use coursRdtRecon-eps-converted-to.pdf>
Package pdftex.def Info: coursRdtRecon-eps-converted-to.pdf used on input line 
94.
(pdftex.def)             Requested size: 214.93431pt x 115.95184pt.
 [5 <./nuagePTS-eps-converted-to.pdf> <./coursRdtRecon-eps-converted-to.pdf>] [
6]
Chapitre 3.
Package epstopdf Info: Source file: <nuagePTS.eps>
(epstopdf)                    date: 2014-06-01 16:10:22
(epstopdf)                    size: 58968 bytes
(epstopdf)             Output file: <nuagePTS-eps-converted-to.pdf>
(epstopdf)                    date: 2014-06-02 00:13:17
(epstopdf)                    size: 83113 bytes
(epstopdf)             Command: <repstopdf --outfile=nuagePTS-eps-converted-to.
pdf nuagePTS.eps>
(epstopdf)             \includegraphics on input line 129.
Package epstopdf Info: Output file is already uptodate.
File: nuagePTS-eps-converted-to.pdf Graphic file (type pdf)
<use nuagePTS-eps-converted-to.pdf>
Package pdftex.def Info: nuagePTS-eps-converted-to.pdf used on input line 129.
(pdftex.def)             Requested size: 214.93431pt x 159.17975pt.
 [7

]
Package epstopdf Info: Source file: <camem.eps>
(epstopdf)                    date: 2014-06-01 16:11:48
(epstopdf)                    size: 13738 bytes
(epstopdf)             Output file: <camem-eps-converted-to.pdf>
(epstopdf)                    date: 2014-06-02 00:13:16
(epstopdf)                    size: 11525 bytes
(epstopdf)             Command: <repstopdf --outfile=camem-eps-converted-to.pdf
 camem.eps>
(epstopdf)             \includegraphics on input line 155.
Package epstopdf Info: Output file is already uptodate.
File: camem-eps-converted-to.pdf Graphic file (type pdf)
 <use camem-eps-converted-to.pdf>
Package pdftex.def Info: camem-eps-converted-to.pdf used on input line 155.
(pdftex.def)             Requested size: 268.66516pt x 268.03247pt.

[8]
Package epstopdf Info: Source file: <PlotFinal.eps>
(epstopdf)                    date: 2014-06-01 15:57:36
(epstopdf)                    size: 66183 bytes
(epstopdf)             Output file: <PlotFinal-eps-converted-to.pdf>
(epstopdf)                    date: 2014-06-01 23:48:47
(epstopdf)                    size: 30764 bytes
(epstopdf)             Command: <repstopdf --outfile=PlotFinal-eps-converted-to
.pdf PlotFinal.eps>
(epstopdf)             \includegraphics on input line 192.
Package epstopdf Info: Output file is already uptodate.
 <PlotFinal-eps-converted-to.pdf, id=89, 457.71pt x 246.9225pt>
File: PlotFinal-eps-converted-to.pdf Graphic file (type pdf)

<use PlotFinal-eps-converted-to.pdf>
Package pdftex.def Info: PlotFinal-eps-converted-to.pdf used on input line 192.

(pdftex.def)             Requested size: 457.7089pt x 246.92188pt.

Overfull \hbox (63.70921pt too wide) in paragraph at lines 192--193
 [][] 
 []

[9 <./PlotFinal-eps-converted-to.pdf>]
Chapitre 4.
[10

]
Chapitre 5.
[11

] (./RapportDeProjetStatLearning.aux)

LaTeX Warning: There were multiply-defined labels.

 ) 
Here is how much of TeX's memory you used:
 3148 strings out of 495059
 44796 string characters out of 3182030
 105426 words of memory out of 3000000
 6269 multiletter control sequences out of 15000+200000
 45230 words of font info for 35 fonts, out of 3000000 for 9000
 14 hyphenation exceptions out of 8191
 37i,6n,25p,737b,227s stack positions out of 5000i,500n,10000p,200000b,50000s
{/usr/share/texmf/fonts/enc/dvips/lm/lm-ec.enc}</usr/share/texmf/fonts/type1/
public/lm/lmbx10.pfb></usr/share/texmf/fonts/type1/public/lm/lmbx12.pfb></usr/s
hare/texmf/fonts/type1/public/lm/lmcsc10.pfb></usr/share/texmf/fonts/type1/publ
ic/lm/lmr10.pfb></usr/share/texmf/fonts/type1/public/lm/lmr12.pfb></usr/share/t
exmf/fonts/type1/public/lm/lmr17.pfb>
Output written on RapportDeProjetStatLearning.pdf (12 pages, 413430 bytes).
PDF statistics:
 129 PDF objects out of 1000 (max. 8388607)
 88 compressed objects within 1 object stream
 0 named destinations out of 1000 (max. 500000)
 31 words of extra memory for PDF output out of 10000 (max. 10000000)

